<?xml version="1.0" encoding="UTF-8"?>
<robot generator="Robot 4.1.3 (Python 3.9.7 on win32)" generated="20220321 22:43:01.913" rpa="false" schemaversion="2">
<suite id="s1" name="Teste" source="C:\Projetos\criptografy-api.py\server\test\teste.robot">
<test id="s1-t1" name="Criar key e encriptar">
<kw name="Gerar Key" library="Encript">
<var>${key}</var>
<msg timestamp="20220321 22:43:01.946" level="INFO">${key} = oCqbfyw7nroVT_pxrVNyMei2gdf-5jit0STsc3D5jqA=</msg>
<status status="PASS" starttime="20220321 22:43:01.946" endtime="20220321 22:43:01.946"/>
</kw>
<kw name="Encrypt" library="Encript">
<var>${encripted}</var>
<arg>${key}</arg>
<arg>${o_que_vou_encriptar}</arg>
<msg timestamp="20220321 22:43:01.984" level="INFO">${encripted} = gAAAAABiOSmlzTaaj5fPtl3bMlXpeARBgoC6dbkihMv2ynmB6E_H1yeqcotyhFJRuTj6-8IyvlMsGB-xylA9gEkeUt-x6ykEdA==</msg>
<status status="PASS" starttime="20220321 22:43:01.947" endtime="20220321 22:43:01.984"/>
</kw>
<kw name="Log To Console" library="BuiltIn">
<arg>${encripted}</arg>
<doc>Logs the given message to the console.</doc>
<status status="PASS" starttime="20220321 22:43:01.985" endtime="20220321 22:43:01.985"/>
</kw>
<kw name="Log To Console" library="BuiltIn">
<arg>${key}</arg>
<doc>Logs the given message to the console.</doc>
<status status="PASS" starttime="20220321 22:43:01.985" endtime="20220321 22:43:01.986"/>
</kw>
<kw name="Decrypts" library="Encript">
<var>${desencript}</var>
<arg>${key}</arg>
<arg>${encripted}</arg>
<msg timestamp="20220321 22:43:01.986" level="INFO">b'Testando'</msg>
<msg timestamp="20220321 22:43:01.986" level="INFO">${desencript} = Testando</msg>
<status status="PASS" starttime="20220321 22:43:01.986" endtime="20220321 22:43:01.986"/>
</kw>
<kw name="Log To Console" library="BuiltIn">
<arg>${desencript}</arg>
<doc>Logs the given message to the console.</doc>
<status status="PASS" starttime="20220321 22:43:01.986" endtime="20220321 22:43:01.987"/>
</kw>
<kw name="Should Be Equal" library="BuiltIn">
<arg>${desencript}</arg>
<arg>${o_que_vou_encriptar}</arg>
<doc>Fails if the given objects are unequal.</doc>
<status status="PASS" starttime="20220321 22:43:01.987" endtime="20220321 22:43:01.987"/>
</kw>
<status status="PASS" starttime="20220321 22:43:01.946" endtime="20220321 22:43:01.987"/>
</test>
<status status="PASS" starttime="20220321 22:43:01.914" endtime="20220321 22:43:01.988"/>
</suite>
<statistics>
<total>
<stat pass="1" fail="0" skip="0">All Tests</stat>
</total>
<tag>
</tag>
<suite>
<stat pass="1" fail="0" skip="0" id="s1" name="Teste">Teste</stat>
</suite>
</statistics>
<errors>
</errors>
</robot>
